Watching for file changes with StatReloader
Unauthorized: /api/courses/
"GET /api/courses/ HTTP/1.1" 401 172
"POST /api/token/ HTTP/1.1" 200 489
"GET /api/courses/ HTTP/1.1" 200 280
"GET /api/courses/ HTTP/1.1" 200 280
C:\Users\saloni.p\Desktop\Academy Management Backend\academy\academy\settings.py changed, reloading.
Watching for file changes with StatReloader
C:\Users\saloni.p\Desktop\Academy Management Backend\academy\academy\settings.py changed, reloading.
Watching for file changes with StatReloader
Request | User: Anonymous | Method: GET | Path: /api/courses/
Response | Status: 200 | Path: /api/courses/
Request | User: Anonymous | Method: GET | Path: /api/courses/
Response | Status: 200 | Path: /api/courses/
C:\Users\saloni.p\Desktop\Academy Management Backend\academy\academy\settings.py changed, reloading.
2026-03-16 13:28:30,651 | INFO | Watching for file changes with StatReloader
2026-03-16 13:29:30,140 | INFO | Request | User: Anonymous | Method: GET | Path: /api/courses/
2026-03-16 13:29:30,184 | INFO | Response | Status: 200 | Path: /api/courses/
2026-03-16 13:35:01,479 | INFO | C:\Users\saloni.p\Desktop\Academy Management Backend\academy\academy\settings.py changed, reloading.
2026-03-16 13:35:02,989 | INFO | django.utils.autoreload | Watching for file changes with StatReloader
2026-03-16 13:35:08,278 | INFO | courses.middleware | Request | User: Anonymous | Method: GET | Path: /api/courses/
2026-03-16 13:35:08,323 | INFO | courses.middleware | Response | Status: 200 | Path: /api/courses/
2026-03-16 13:39:21,331 | INFO | django.utils.autoreload | C:\Users\saloni.p\Desktop\Academy Management Backend\academy\academy\settings.py changed, reloading.
